<?xml version="1.0" encoding="UTF-8"?>
<!-- Generated by org.testng.reporters.JUnitReportReporter -->
<testsuite skipped="0" hostname="MAVLT1435" name="uitest.RecorderScript" tests="2" failures="0" timestamp="2021-09-15T12:48:17 IST" time="31.795" errors="0">
  <testcase name="testParameterWithXML" time="15.821" classname="uitest.RecorderScript"/>
  <system-out/>
  <testcase name="testParameterWithXML" time="15.974" classname="uitest.RecorderScript"/>
  <system-out/>
</testsuite> <!-- uitest.RecorderScript -->
