<?xml version="1.0" encoding="UTF-8"?>
<!-- Generated by org.testng.reporters.JUnitReportReporter -->
<testsuite skipped="0" hostname="MAVLT1435" name="uitest.ParallelTest" tests="4" failures="0" timestamp="2021-09-16T21:08:19 IST" time="5.140" errors="0">
  <testcase name="search_TestCase" time="0.937" classname="uitest.ParallelTest"/>
  <system-out/>
  <testcase name="login_TestCase" time="1.678" classname="uitest.ParallelTest"/>
  <system-out/>
  <testcase name="login_TestCase" time="1.813" classname="uitest.ParallelTest"/>
  <system-out/>
  <testcase name="search_TestCase" time="0.712" classname="uitest.ParallelTest"/>
  <system-out/>
</testsuite> <!-- uitest.ParallelTest -->
